2020-06-20 20:05:54,497 [Worker-1: Loading available Gradle versions] INFO  o.e.b.c.i.u.g.PublishedGradleVersions - Gradle version information cache is up-to-date. Trying to read.
2020-06-20 21:01:39,423 [Worker-20: Creating maven-archetype-quickstart] INFO  o.e.m.c.i.p.ProjectConfigurationManager - Collecting project info '/pom.xml' C:\AirLineReservationSystem\airlinereservationsystemcollections\pom.xml
2020-06-20 21:01:51,516 [Worker-20: Creating maven-archetype-quickstart] INFO  o.e.m.c.i.l.LifecycleMappingFactory - Using org.eclipse.m2e.jdt.JarLifecycleMapping lifecycle mapping for MavenProject: com.capgemini:airlinereservationsystemcollections:0.0.1-SNAPSHOT @ C:\AirLineReservationSystem\airlinereservationsystemcollections\pom.xml.
2020-06-20 21:01:55,382 [Worker-20: Creating maven-archetype-quickstart] INFO  o.e.m.j.i.AbstractJavaProjectConfigurator - Adding source folder /airlinereservationsystemcollections/src/main/java
2020-06-20 21:01:55,398 [Worker-20: Creating maven-archetype-quickstart] INFO  o.e.m.j.i.AbstractJavaProjectConfigurator - Adding source folder /airlinereservationsystemcollections/src/test/java
2020-06-20 21:02:23,039 [Worker-20: Creating maven-archetype-quickstart] INFO  o.e.m.c.i.p.ProjectConfigurationManager - Imported and configured 1 project(s) in 43 sec
2020-06-20 21:02:27,575 [Worker-22: Building workspace] INFO  o.e.m.c.i.embedder.EclipseLogger - Using 'UTF-8' encoding to copy filtered resources.
2020-06-20 21:02:27,575 [Worker-22: Building workspace] INFO  o.e.m.c.i.embedder.EclipseLogger - skip non existing resourceDirectory C:\AirLineReservationSystem\airlinereservationsystemcollections\src\main\resources
2020-06-20 21:02:27,575 [Worker-22: Building workspace] INFO  o.e.m.c.i.embedder.EclipseLogger - Using 'UTF-8' encoding to copy filtered resources.
2020-06-20 21:02:27,575 [Worker-22: Building workspace] INFO  o.e.m.c.i.embedder.EclipseLogger - skip non existing resourceDirectory C:\AirLineReservationSystem\airlinereservationsystemcollections\src\test\resources
2020-06-20 21:27:39,817 [Worker-30: Building workspace] INFO  o.e.m.c.i.embedder.EclipseLogger - Using 'UTF-8' encoding to copy filtered resources.
2020-06-20 21:27:39,819 [Worker-30: Building workspace] INFO  o.e.m.c.i.embedder.EclipseLogger - skip non existing resourceDirectory C:\AirLineReservationSystem\airlinereservationsystemcollections\src\main\resources
2020-06-20 21:27:39,821 [Worker-30: Building workspace] INFO  o.e.m.c.i.embedder.EclipseLogger - Using 'UTF-8' encoding to copy filtered resources.
2020-06-20 21:27:39,821 [Worker-30: Building workspace] INFO  o.e.m.c.i.embedder.EclipseLogger - skip non existing resourceDirectory C:\AirLineReservationSystem\airlinereservationsystemcollections\src\test\resources
2020-06-20 21:28:22,986 [Worker-30: Building workspace] INFO  o.e.m.c.i.embedder.EclipseLogger - Using 'UTF-8' encoding to copy filtered resources.
2020-06-20 21:28:22,986 [Worker-30: Building workspace] INFO  o.e.m.c.i.embedder.EclipseLogger - skip non existing resourceDirectory C:\AirLineReservationSystem\airlinereservationsystemcollections\src\main\resources
2020-06-20 21:28:22,993 [Worker-30: Building workspace] INFO  o.e.m.c.i.embedder.EclipseLogger - Using 'UTF-8' encoding to copy filtered resources.
2020-06-20 21:28:22,993 [Worker-30: Building workspace] INFO  o.e.m.c.i.embedder.EclipseLogger - skip non existing resourceDirectory C:\AirLineReservationSystem\airlinereservationsystemcollections\src\test\resources
2020-06-20 21:29:12,691 [Worker-32: Building workspace] INFO  o.e.m.c.i.embedder.EclipseLogger - Using 'UTF-8' encoding to copy filtered resources.
2020-06-20 21:29:12,691 [Worker-32: Building workspace] INFO  o.e.m.c.i.embedder.EclipseLogger - skip non existing resourceDirectory C:\AirLineReservationSystem\airlinereservationsystemcollections\src\main\resources
2020-06-20 21:29:12,695 [Worker-32: Building workspace] INFO  o.e.m.c.i.embedder.EclipseLogger - Using 'UTF-8' encoding to copy filtered resources.
2020-06-20 21:29:12,696 [Worker-32: Building workspace] INFO  o.e.m.c.i.embedder.EclipseLogger - skip non existing resourceDirectory C:\AirLineReservationSystem\airlinereservationsystemcollections\src\test\resources
2020-06-20 21:30:51,814 [Worker-22: Building workspace] INFO  o.e.m.c.i.embedder.EclipseLogger - Using 'UTF-8' encoding to copy filtered resources.
2020-06-20 21:30:51,830 [Worker-22: Building workspace] INFO  o.e.m.c.i.embedder.EclipseLogger - skip non existing resourceDirectory C:\AirLineReservationSystem\airlinereservationsystemcollections\src\main\resources
2020-06-20 21:30:51,840 [Worker-22: Building workspace] INFO  o.e.m.c.i.embedder.EclipseLogger - Using 'UTF-8' encoding to copy filtered resources.
2020-06-20 21:30:51,840 [Worker-22: Building workspace] INFO  o.e.m.c.i.embedder.EclipseLogger - skip non existing resourceDirectory C:\AirLineReservationSystem\airlinereservationsystemcollections\src\test\resources
2020-06-20 21:31:03,409 [Worker-31: Building workspace] INFO  o.e.m.c.i.embedder.EclipseLogger - Using 'UTF-8' encoding to copy filtered resources.
2020-06-20 21:31:03,410 [Worker-31: Building workspace] INFO  o.e.m.c.i.embedder.EclipseLogger - skip non existing resourceDirectory C:\AirLineReservationSystem\airlinereservationsystemcollections\src\main\resources
2020-06-20 21:31:03,411 [Worker-31: Building workspace] INFO  o.e.m.c.i.embedder.EclipseLogger - Using 'UTF-8' encoding to copy filtered resources.
2020-06-20 21:31:03,412 [Worker-31: Building workspace] INFO  o.e.m.c.i.embedder.EclipseLogger - skip non existing resourceDirectory C:\AirLineReservationSystem\airlinereservationsystemcollections\src\test\resources
2020-06-20 21:31:23,739 [Worker-22: Building workspace] INFO  o.e.m.c.i.embedder.EclipseLogger - Using 'UTF-8' encoding to copy filtered resources.
2020-06-20 21:31:23,739 [Worker-22: Building workspace] INFO  o.e.m.c.i.embedder.EclipseLogger - skip non existing resourceDirectory C:\AirLineReservationSystem\airlinereservationsystemcollections\src\main\resources
2020-06-20 21:31:23,739 [Worker-22: Building workspace] INFO  o.e.m.c.i.embedder.EclipseLogger - Using 'UTF-8' encoding to copy filtered resources.
2020-06-20 21:31:23,739 [Worker-22: Building workspace] INFO  o.e.m.c.i.embedder.EclipseLogger - skip non existing resourceDirectory C:\AirLineReservationSystem\airlinereservationsystemcollections\src\test\resources
2020-06-20 21:31:52,357 [Worker-30: Building workspace] INFO  o.e.m.c.i.embedder.EclipseLogger - Using 'UTF-8' encoding to copy filtered resources.
2020-06-20 21:31:52,357 [Worker-30: Building workspace] INFO  o.e.m.c.i.embedder.EclipseLogger - skip non existing resourceDirectory C:\AirLineReservationSystem\airlinereservationsystemcollections\src\main\resources
2020-06-20 21:31:52,360 [Worker-30: Building workspace] INFO  o.e.m.c.i.embedder.EclipseLogger - Using 'UTF-8' encoding to copy filtered resources.
2020-06-20 21:31:52,360 [Worker-30: Building workspace] INFO  o.e.m.c.i.embedder.EclipseLogger - skip non existing resourceDirectory C:\AirLineReservationSystem\airlinereservationsystemcollections\src\test\resources
